This file contains any messages produced by compilers while
running configure, to aid debugging if configure makes a mistake.

It was created by libhybris configure 0.1.0, which was
generated by GNU Autoconf 2.72.  Invocation command line was

  $ /home/francesco/Desktop/buildroot/output/build/libhybris-9f61f26c44d9a3bf62efb67d4c32a7a0c89c21ca/hybris/configure --with-android-headers=/home/francesco/Desktop/buildroot/output/host/aarch64-buildroot-linux-musl/sysroot/usr/include/android --enable-experimental --enable-property-cache --enable-debug --enable-trace --enable-stub-linker --enable-arch=arm64 --host=aarch64-linux-musl

## --------- ##
## Platform. ##
## --------- ##

hostname = francesco-thinkpad
uname -m = x86_64
uname -r = 5.15.0-125-generic
uname -s = Linux
uname -v = #135~20.04.1-Ubuntu SMP Mon Oct 7 13:56:22 UTC 2024

/usr/bin/uname -p = x86_64
/bin/uname -X     = unknown

/bin/arch              = x86_64
/usr/bin/arch -k       = unknown
/usr/convex/getsysinfo = unknown
/usr/bin/hostinfo      = unknown
/bin/machine           = unknown
/usr/bin/oslevel       = unknown
/bin/universe          = unknown

PATH: /home/francesco/Desktop/buildroot/output/host/bin/
PATH: /home/francesco/Desktop/buildroot/output/host/sbin/
PATH: /home/francesco/gems/bin/
PATH: /home/francesco/.local/bin/
PATH: /usr/local/sbin/
PATH: /usr/local/bin/
PATH: /usr/sbin/
PATH: /usr/bin/
PATH: /sbin/
PATH: /bin/
PATH: /usr/games/
PATH: /usr/local/games/
PATH: /snap/bin/
PATH: /snap/bin/


## ----------- ##
## Core tests. ##
## ----------- ##

configure:2984: looking for aux files: config.guess config.sub ltmain.sh compile missing install-sh
configure:2997:  trying /home/francesco/Desktop/buildroot/output/build/libhybris-9f61f26c44d9a3bf62efb67d4c32a7a0c89c21ca/hybris/
configure:3026:   /home/francesco/Desktop/buildroot/output/build/libhybris-9f61f26c44d9a3bf62efb67d4c32a7a0c89c21ca/hybris/config.guess found
configure:3026:   /home/francesco/Desktop/buildroot/output/build/libhybris-9f61f26c44d9a3bf62efb67d4c32a7a0c89c21ca/hybris/config.sub found
configure:3026:   /home/francesco/Desktop/buildroot/output/build/libhybris-9f61f26c44d9a3bf62efb67d4c32a7a0c89c21ca/hybris/ltmain.sh found
configure:3026:   /home/francesco/Desktop/buildroot/output/build/libhybris-9f61f26c44d9a3bf62efb67d4c32a7a0c89c21ca/hybris/compile found
configure:3026:   /home/francesco/Desktop/buildroot/output/build/libhybris-9f61f26c44d9a3bf62efb67d4c32a7a0c89c21ca/hybris/missing found
configure:3008:   /home/francesco/Desktop/buildroot/output/build/libhybris-9f61f26c44d9a3bf62efb67d4c32a7a0c89c21ca/hybris/install-sh found
configure:3159: checking for a BSD-compatible install
configure:3233: result: /usr/bin/install -c
configure:3244: checking whether build environment is sane
configure:3299: result: yes
configure:3355: checking for aarch64-linux-musl-strip
configure:3388: result: llvm-strip
configure:3460: checking for a race-free mkdir -p
configure:3503: result: /usr/bin/mkdir -p
configure:3510: checking for gawk
configure:3531: found /usr/bin/gawk
configure:3543: result: gawk
configure:3554: checking whether make sets $(MAKE)
configure:3578: result: yes
configure:3608: checking whether make supports nested variables
configure:3627: result: yes
configure:3775: checking whether make supports nested variables
configure:3794: result: yes
configure:3832: checking for aarch64-linux-musl-gcc
configure:3865: result: clang
configure:4270: checking for C compiler version
configure:4279: clang --version >&5
OHOS (dev) clang version 15.0.4 (llvm-project d1aa604d90b55a96aa22af9992d170fccbd41938)
Target: x86_64-unknown-linux-gnu
Thread model: posix
InstalledDir: /home/francesco/oniro4openharmony-4.0/prebuilts/clang/ohos/linux-x86_64/llvm/bin
configure:4290: $? = 0
configure:4279: clang -v >&5
OHOS (dev) clang version 15.0.4 (llvm-project d1aa604d90b55a96aa22af9992d170fccbd41938)
Target: x86_64-unknown-linux-gnu
Thread model: posix
InstalledDir: /home/francesco/oniro4openharmony-4.0/prebuilts/clang/ohos/linux-x86_64/llvm/bin
 "/usr/bin/ld" --sysroot=/home/francesco/Desktop/buildroot/output/host/aarch64-buildroot-linux-musl/sysroot -pie -z relro --hash-style=gnu --eh-frame-hdr -m elf_x86_64 -dynamic-linker /lib64/ld-linux-x86-64.so.2 -o a.out /home/francesco/Desktop/buildroot/output/host/aarch64-buildroot-linux-musl/sysroot/usr/lib/../lib64/Scrt1.o /home/francesco/Desktop/buildroot/output/host/aarch64-buildroot-linux-musl/sysroot/usr/lib/../lib64/crti.o crtbeginS.o -L/home/francesco/oniro4openharmony-4.0/prebuilts/clang/ohos/linux-x86_64/llvm/bin/../lib/x86_64-unknown-linux-gnu -L/home/francesco/Desktop/buildroot/output/host/aarch64-buildroot-linux-musl/sysroot/lib/../lib64 -L/home/francesco/Desktop/buildroot/output/host/aarch64-buildroot-linux-musl/sysroot/usr/lib/../lib64 -L/home/francesco/Desktop/buildroot/output/host/aarch64-buildroot-linux-musl/sysroot/lib -L/home/francesco/Desktop/buildroot/output/host/aarch64-buildroot-linux-musl/sysroot/usr/lib -z max-page-size=4096 -z common-page-size=4096 -z now -z relro -lgcc --as-needed -lgcc_s --no-as-needed -lc -lgcc --as-needed -lgcc_s --no-as-needed crtendS.o /home/francesco/Desktop/buildroot/output/host/aarch64-buildroot-linux-musl/sysroot/usr/lib/../lib64/crtn.o
/usr/bin/ld: /home/francesco/Desktop/buildroot/output/host/aarch64-buildroot-linux-musl/sysroot/usr/lib/../lib64/Scrt1.o: relocations in generic ELF (EM: 40)
/usr/bin/ld: /home/francesco/Desktop/buildroot/output/host/aarch64-buildroot-linux-musl/sysroot/usr/lib/../lib64/Scrt1.o: relocations in generic ELF (EM: 40)
/usr/bin/ld: /home/francesco/Desktop/buildroot/output/host/aarch64-buildroot-linux-musl/sysroot/usr/lib/../lib64/Scrt1.o: relocations in generic ELF (EM: 40)
/usr/bin/ld: /home/francesco/Desktop/buildroot/output/host/aarch64-buildroot-linux-musl/sysroot/usr/lib/../lib64/Scrt1.o: relocations in generic ELF (EM: 40)
/usr/bin/ld: /home/francesco/Desktop/buildroot/output/host/aarch64-buildroot-linux-musl/sysroot/usr/lib/../lib64/Scrt1.o: relocations in generic ELF (EM: 40)
... rest of stderr output deleted ...
configure:4290: $? = 1
configure:4279: clang -V >&5
clang-15: error: argument to '-V' is missing (expected 1 value)
configure:4290: $? = 1
configure:4279: clang -qversion >&5
clang-15: error: unknown argument '-qversion'; did you mean '--version'?
configure:4290: $? = 1
configure:4279: clang -version >&5
clang-15: error: unknown argument '-version'; did you mean '--version'?
configure:4290: $? = 1
configure:4310: checking whether the C compiler works
configure:4332: clang -D_LARGEFILE_SOURCE -D_LARGEFILE64_SOURCE -D_FILE_OFFSET_BITS=64  -O2 -g0 --target=aarch64-linux-ohosmusl -D_LARGEFILE64_SOURCE -Wno-error=int-conversion -D_LARGEFILE_SOURCE -D_LARGEFILE64_SOURCE -D_FILE_OFFSET_BITS=64  --target=aarch64-linux-ohosmusl conftest.c  >&5
ld.lld: error: /home/francesco/Desktop/buildroot/output/host/aarch64-buildroot-linux-musl/sysroot/usr/lib/Scrt1.o is incompatible with aarch64linux
ld.lld: error: /home/francesco/Desktop/buildroot/output/host/aarch64-buildroot-linux-musl/sysroot/usr/lib/crti.o is incompatible with aarch64linux
ld.lld: error: /home/francesco/Desktop/buildroot/output/host/aarch64-buildroot-linux-musl/sysroot/usr/lib/libc.so is incompatible with aarch64linux
ld.lld: error: /home/francesco/Desktop/buildroot/output/host/aarch64-buildroot-linux-musl/sysroot/usr/lib/crtn.o is incompatible with aarch64linux
clang-15: error: linker command failed with exit code 1 (use -v to see invocation)
configure:4336: $? = 1
configure:4377: result: no
configure: failed program was:
| /* confdefs.h */
| #define PACKAGE_NAME "libhybris"
| #define PACKAGE_TARNAME "libhybris"
| #define PACKAGE_VERSION "0.1.0"
| #define PACKAGE_STRING "libhybris 0.1.0"
| #define PACKAGE_BUGREPORT ""
| #define PACKAGE_URL ""
| #define PACKAGE "libhybris"
| #define VERSION "0.1.0"
| /* end confdefs.h.  */
| 
| int
| main (void)
| {
| 
|   ;
|   return 0;
| }
configure:4382: error: in '/home/francesco/Desktop/buildroot':
configure:4384: error: C compiler cannot create executables
See 'config.log' for more details

## ---------------- ##
## Cache variables. ##
## ---------------- ##

ac_cv_env_ANDROID_HEADERS_CFLAGS_set=
ac_cv_env_ANDROID_HEADERS_CFLAGS_value=
ac_cv_env_ANDROID_HEADERS_LIBS_set=
ac_cv_env_ANDROID_HEADERS_LIBS_value=
ac_cv_env_CCASFLAGS_set=
ac_cv_env_CCASFLAGS_value=
ac_cv_env_CCAS_set=
ac_cv_env_CCAS_value=
ac_cv_env_CCC_set=
ac_cv_env_CCC_value=
ac_cv_env_CC_set=set
ac_cv_env_CC_value=clang
ac_cv_env_CFLAGS_set=set
ac_cv_env_CFLAGS_value='-D_LARGEFILE_SOURCE -D_LARGEFILE64_SOURCE -D_FILE_OFFSET_BITS=64  -O2 -g0 --target=aarch64-linux-ohosmusl -D_LARGEFILE64_SOURCE -Wno-error=int-conversion'
ac_cv_env_CPPFLAGS_set=set
ac_cv_env_CPPFLAGS_value='-D_LARGEFILE_SOURCE -D_LARGEFILE64_SOURCE -D_FILE_OFFSET_BITS=64'
ac_cv_env_CPP_set=set
ac_cv_env_CPP_value=clang-cpp
ac_cv_env_CXXCPP_set=
ac_cv_env_CXXCPP_value=
ac_cv_env_CXXFLAGS_set=set
ac_cv_env_CXXFLAGS_value='-D_LARGEFILE_SOURCE -D_LARGEFILE64_SOURCE -D_FILE_OFFSET_BITS=64  -O2 -g0  --target=aarch64-linux-ohosmusl -D_LARGEFILE64_SOURCE -Wno-error=non-pod-varargs'
ac_cv_env_CXX_set=set
ac_cv_env_CXX_value=no
ac_cv_env_EGL_CFLAGS_set=
ac_cv_env_EGL_CFLAGS_value=
ac_cv_env_EGL_LIBS_set=
ac_cv_env_EGL_LIBS_value=
ac_cv_env_GLESV2_CFLAGS_set=
ac_cv_env_GLESV2_CFLAGS_value=
ac_cv_env_GLESV2_LIBS_set=
ac_cv_env_GLESV2_LIBS_value=
ac_cv_env_GLVND_CFLAGS_set=
ac_cv_env_GLVND_CFLAGS_value=
ac_cv_env_GLVND_LIBS_set=
ac_cv_env_GLVND_LIBS_value=
ac_cv_env_LDFLAGS_set=set
ac_cv_env_LDFLAGS_value=' --target=aarch64-linux-ohosmusl'
ac_cv_env_LIBS_set=
ac_cv_env_LIBS_value=
ac_cv_env_LT_SYS_LIBRARY_PATH_set=
ac_cv_env_LT_SYS_LIBRARY_PATH_value=
ac_cv_env_PKG_CONFIG_LIBDIR_set=
ac_cv_env_PKG_CONFIG_LIBDIR_value=
ac_cv_env_PKG_CONFIG_PATH_set=
ac_cv_env_PKG_CONFIG_PATH_value=
ac_cv_env_PKG_CONFIG_set=set
ac_cv_env_PKG_CONFIG_value=/home/francesco/Desktop/buildroot/output/host/bin/pkg-config
ac_cv_env_PYTHON_set=
ac_cv_env_PYTHON_value=
ac_cv_env_WAYLAND_CLIENT_CFLAGS_set=
ac_cv_env_WAYLAND_CLIENT_CFLAGS_value=
ac_cv_env_WAYLAND_CLIENT_LIBS_set=
ac_cv_env_WAYLAND_CLIENT_LIBS_value=
ac_cv_env_WAYLAND_EGL_CFLAGS_set=
ac_cv_env_WAYLAND_EGL_CFLAGS_value=
ac_cv_env_WAYLAND_EGL_LIBS_set=
ac_cv_env_WAYLAND_EGL_LIBS_value=
ac_cv_env_WAYLAND_SERVER_CFLAGS_set=
ac_cv_env_WAYLAND_SERVER_CFLAGS_value=
ac_cv_env_WAYLAND_SERVER_LIBS_set=
ac_cv_env_WAYLAND_SERVER_LIBS_value=
ac_cv_env_build_alias_set=
ac_cv_env_build_alias_value=
ac_cv_env_host_alias_set=set
ac_cv_env_host_alias_value=aarch64-linux-musl
ac_cv_env_target_alias_set=
ac_cv_env_target_alias_value=
ac_cv_path_install='/usr/bin/install -c'
ac_cv_path_mkdir=/usr/bin/mkdir
ac_cv_prog_AWK=gawk
ac_cv_prog_CC=clang
ac_cv_prog_STRIP=llvm-strip
ac_cv_prog_make_make_set=yes
am_cv_make_support_nested_variables=yes

## ----------------- ##
## Output variables. ##
## ----------------- ##

ACLOCAL='${SHELL} '\''/home/francesco/Desktop/buildroot/output/build/libhybris-9f61f26c44d9a3bf62efb67d4c32a7a0c89c21ca/hybris/missing'\'' aclocal-1.16'
AMDEPBACKSLASH=''
AMDEP_FALSE=''
AMDEP_TRUE=''
AMTAR='$${TAR-tar}'
AM_BACKSLASH='\'
AM_DEFAULT_V='$(AM_DEFAULT_VERBOSITY)'
AM_DEFAULT_VERBOSITY='0'
AM_V='$(V)'
ANDROID_HEADERS_CFLAGS=''
ANDROID_HEADERS_LIBS=''
ANDROID_HEADERS_PKGCONFIG=''
ANDROID_VERSION_MAJOR=''
ANDROID_VERSION_MINOR=''
ANDROID_VERSION_PATCH=''
AR='llvm-ar'
AUTOCONF='${SHELL} '\''/home/francesco/Desktop/buildroot/output/build/libhybris-9f61f26c44d9a3bf62efb67d4c32a7a0c89c21ca/hybris/missing'\'' autoconf'
AUTOHEADER='${SHELL} '\''/home/francesco/Desktop/buildroot/output/build/libhybris-9f61f26c44d9a3bf62efb67d4c32a7a0c89c21ca/hybris/missing'\'' autoheader'
AUTOMAKE='${SHELL} '\''/home/francesco/Desktop/buildroot/output/build/libhybris-9f61f26c44d9a3bf62efb67d4c32a7a0c89c21ca/hybris/missing'\'' automake-1.16'
AWK='gawk'
CC='clang'
CCAS=''
CCASDEPMODE=''
CCASFLAGS=''
CCDEPMODE=''
CFLAGS='-D_LARGEFILE_SOURCE -D_LARGEFILE64_SOURCE -D_FILE_OFFSET_BITS=64  -O2 -g0 --target=aarch64-linux-ohosmusl -D_LARGEFILE64_SOURCE -Wno-error=int-conversion'
CPP='clang-cpp'
CPPFLAGS='-D_LARGEFILE_SOURCE -D_LARGEFILE64_SOURCE -D_FILE_OFFSET_BITS=64'
CSCOPE='cscope'
CTAGS='ctags'
CXX='no'
CXXCPP=''
CXXDEPMODE=''
CXXFLAGS='-D_LARGEFILE_SOURCE -D_LARGEFILE64_SOURCE -D_FILE_OFFSET_BITS=64  -O2 -g0  --target=aarch64-linux-ohosmusl -D_LARGEFILE64_SOURCE -Wno-error=non-pod-varargs'
CYGPATH_W='echo'
DEFAULT_EGL_PLATFORM=''
DEFAULT_HYBRIS_LD_LIBRARY_PATH=''
DEFS=''
DEPDIR=''
DLLTOOL=''
DSYMUTIL=''
DUMPBIN=''
ECHO_C=''
ECHO_N='-n'
ECHO_T=''
EGL_CFLAGS=''
EGL_LIBS=''
EGREP=''
ETAGS='etags'
EXEEXT=''
FGREP=''
GLESV2_CFLAGS=''
GLESV2_LIBS=''
GLVND_CFLAGS=''
GLVND_LIBS=''
GL_LIB_SUFFIX=''
GREP=''
HAS_ANDROID_10_0_0_FALSE=''
HAS_ANDROID_10_0_0_TRUE=''
HAS_ANDROID_11_0_0_FALSE=''
HAS_ANDROID_11_0_0_TRUE=''
HAS_ANDROID_12_0_0_FALSE=''
HAS_ANDROID_12_0_0_TRUE=''
HAS_ANDROID_13_0_0_FALSE=''
HAS_ANDROID_13_0_0_TRUE=''
HAS_ANDROID_2_3_0_FALSE=''
HAS_ANDROID_2_3_0_TRUE=''
HAS_ANDROID_4_0_0_FALSE=''
HAS_ANDROID_4_0_0_TRUE=''
HAS_ANDROID_4_0_3_FALSE=''
HAS_ANDROID_4_0_3_TRUE=''
HAS_ANDROID_4_1_0_FALSE=''
HAS_ANDROID_4_1_0_TRUE=''
HAS_ANDROID_4_2_0_FALSE=''
HAS_ANDROID_4_2_0_TRUE=''
HAS_ANDROID_5_0_0_FALSE=''
HAS_ANDROID_5_0_0_TRUE=''
HAS_ANDROID_6_0_0_FALSE=''
HAS_ANDROID_6_0_0_TRUE=''
HAS_ANDROID_7_0_0_FALSE=''
HAS_ANDROID_7_0_0_TRUE=''
HAS_ANDROID_8_0_0_FALSE=''
HAS_ANDROID_8_0_0_TRUE=''
HAS_ANDROID_9_0_0_FALSE=''
HAS_ANDROID_9_0_0_TRUE=''
HAS_GRALLOC1_HEADER_FALSE=''
HAS_GRALLOC1_HEADER_TRUE=''
HAS_HWCOMPOSER2_HEADERS_FALSE=''
HAS_HWCOMPOSER2_HEADERS_TRUE=''
HAS_LIBNFC_NXP_HEADERS_FALSE=''
HAS_LIBNFC_NXP_HEADERS_TRUE=''
HAS_VIBRATOR_HEADER_FALSE=''
HAS_VIBRATOR_HEADER_TRUE=''
HAS_VULKAN_HEADERS_FALSE=''
HAS_VULKAN_HEADERS_TRUE=''
HAS_WIFI_LEGACY_HEADERS_FALSE=''
HAS_WIFI_LEGACY_HEADERS_TRUE=''
INSTALL_DATA='${INSTALL} -m 644'
INSTALL_PROGRAM='${INSTALL}'
INSTALL_SCRIPT='${INSTALL}'
INSTALL_STRIP_PROGRAM='$(install_sh) -c -s'
LD='lld'
LDFLAGS=' --target=aarch64-linux-ohosmusl'
LIBOBJS=''
LIBS=''
LIBTOOL=''
LIPO=''
LN_S=''
LTLIBOBJS=''
LT_AGE=''
LT_CURRENT=''
LT_REVISION=''
LT_SYS_LIBRARY_PATH=''
MAKEINFO='${SHELL} '\''/home/francesco/Desktop/buildroot/output/build/libhybris-9f61f26c44d9a3bf62efb67d4c32a7a0c89c21ca/hybris/missing'\'' makeinfo'
MANIFEST_TOOL=''
MKDIR_P='/usr/bin/mkdir -p'
NM='llvm-nm'
NMEDIT=''
OBJDUMP='llvm-objdump'
OBJEXT=''
OTOOL64=''
OTOOL=''
PACKAGE='libhybris'
PACKAGE_BUGREPORT=''
PACKAGE_NAME='libhybris'
PACKAGE_STRING='libhybris 0.1.0'
PACKAGE_TARNAME='libhybris'
PACKAGE_URL=''
PACKAGE_VERSION='0.1.0'
PATH_SEPARATOR=':'
PKG_CONFIG='/home/francesco/Desktop/buildroot/output/host/bin/pkg-config'
PKG_CONFIG_LIBDIR=''
PKG_CONFIG_PATH=''
PYTHON=''
PYTHON_EXEC_PREFIX=''
PYTHON_PLATFORM=''
PYTHON_PREFIX=''
PYTHON_VERSION=''
RANLIB='llvm-ranlib'
SED=''
SET_MAKE=''
SHELL='/bin/bash'
STRIP='llvm-strip'
VERSION='0.1.0'
WANT_ADRENO_QUIRKS_FALSE=''
WANT_ADRENO_QUIRKS_TRUE=''
WANT_ARCH_ARM64_FALSE=''
WANT_ARCH_ARM64_TRUE=''
WANT_ARCH_ARM_FALSE=''
WANT_ARCH_ARM_TRUE=''
WANT_ARCH_X86_64_FALSE=''
WANT_ARCH_X86_64_TRUE=''
WANT_ARCH_X86_FALSE=''
WANT_ARCH_X86_TRUE=''
WANT_ARM_TRACING_FALSE=''
WANT_ARM_TRACING_TRUE=''
WANT_DEBUG_FALSE=''
WANT_DEBUG_TRUE=''
WANT_EXPERIMENTAL_FALSE=''
WANT_EXPERIMENTAL_TRUE=''
WANT_GLVND_FALSE=''
WANT_GLVND_TRUE=''
WANT_MALI_QUIRKS_FALSE=''
WANT_MALI_QUIRKS_TRUE=''
WANT_MESA_FALSE=''
WANT_MESA_TRUE=''
WANT_RUNTIME_PROPERTY_CACHE_FALSE=''
WANT_RUNTIME_PROPERTY_CACHE_TRUE=''
WANT_STUB_LINKER_FALSE=''
WANT_STUB_LINKER_TRUE=''
WANT_TRACE_FALSE=''
WANT_TRACE_TRUE=''
WANT_UBUNTU_CAMERA_HEADERS_FALSE=''
WANT_UBUNTU_CAMERA_HEADERS_TRUE=''
WANT_UBUNTU_LINKER_OVERRIDES_FALSE=''
WANT_UBUNTU_LINKER_OVERRIDES_TRUE=''
WANT_WAYLAND_FALSE=''
WANT_WAYLAND_TRUE=''
WANT_WL_SERVERSIDE_BUFFERS_FALSE=''
WANT_WL_SERVERSIDE_BUFFERS_TRUE=''
WAYLAND_CLIENT_CFLAGS=''
WAYLAND_CLIENT_LIBS=''
WAYLAND_EGL_CFLAGS=''
WAYLAND_EGL_LIBS=''
WAYLAND_SCANNER=''
WAYLAND_SERVER_CFLAGS=''
WAYLAND_SERVER_LIBS=''
ac_ct_AR=''
ac_ct_CC=''
ac_ct_CXX=''
ac_ct_DUMPBIN=''
am__EXEEXT_FALSE=''
am__EXEEXT_TRUE=''
am__fastdepCCAS_FALSE=''
am__fastdepCCAS_TRUE=''
am__fastdepCC_FALSE=''
am__fastdepCC_TRUE=''
am__fastdepCXX_FALSE=''
am__fastdepCXX_TRUE=''
am__include=''
am__isrc=' -I$(srcdir)'
am__leading_dot='.'
am__nodep=''
am__quote=''
am__tar='$${TAR-tar} chof - "$$tardir"'
am__untar='$${TAR-tar} xf -'
bindir='${exec_prefix}/bin'
build=''
build_alias=''
build_cpu=''
build_os=''
build_vendor=''
datadir='${datarootdir}'
datarootdir='${prefix}/share'
docdir='${datarootdir}/doc/${PACKAGE_TARNAME}'
dvidir='${docdir}'
exec_prefix='NONE'
host='aarch64-linux-musl'
host_alias='aarch64-linux-musl'
host_cpu=''
host_os=''
host_vendor=''
htmldir='${docdir}'
includedir='${prefix}/include'
infodir='${datarootdir}/info'
install_sh='${SHELL} /home/francesco/Desktop/buildroot/output/build/libhybris-9f61f26c44d9a3bf62efb67d4c32a7a0c89c21ca/hybris/install-sh'
libdir='${exec_prefix}/lib'
libexecdir='${exec_prefix}/libexec'
localedir='${datarootdir}/locale'
localstatedir='${prefix}/var'
mandir='${datarootdir}/man'
mkdir_p='$(MKDIR_P)'
oldincludedir='/usr/include'
pdfdir='${docdir}'
pkgpyexecdir=''
pkgpythondir=''
prefix='NONE'
program_transform_name='s,x,x,'
psdir='${docdir}'
pyexecdir=''
pythondir=''
runstatedir='${localstatedir}/run'
sbindir='${exec_prefix}/sbin'
sharedstatedir='${prefix}/com'
sysconfdir='${prefix}/etc'
target_alias=''

## ----------- ##
## confdefs.h. ##
## ----------- ##

/* confdefs.h */
#define PACKAGE_NAME "libhybris"
#define PACKAGE_TARNAME "libhybris"
#define PACKAGE_VERSION "0.1.0"
#define PACKAGE_STRING "libhybris 0.1.0"
#define PACKAGE_BUGREPORT ""
#define PACKAGE_URL ""
#define PACKAGE "libhybris"
#define VERSION "0.1.0"

configure: exit 77
